<?xml version="1.0" encoding="UTF-8"?>
<testng-results skipped="0" failed="0" total="2" passed="2">
  <reporter-output>
  </reporter-output>
  <suite name="Default suite" duration-ms="469141" started-at="2021-12-04T14:29:09Z" finished-at="2021-12-04T14:36:58Z">
    <groups>
    </groups>
    <test name="Default test" duration-ms="469141" started-at="2021-12-04T14:29:09Z" finished-at="2021-12-04T14:36:58Z">
      <class name="com.qualitystream.testng.TestNGDataProviderExample">
        <test-method status="PASS" signature="beforeClass()[pri:0, instance:com.qualitystream.testng.TestNGDataProviderExample@7995092a]" name="beforeClass" is-config="true" duration-ms="16613" started-at="2021-12-04T11:29:09Z" finished-at="2021-12-04T11:29:26Z">
          <reporter-output>
          </reporter-output>
        </test-method> <!-- beforeClass -->
        <test-method status="PASS" signature="login(java.lang.String, java.lang.String)[pri:0, instance:com.qualitystream.testng.TestNGDataProviderExample@7995092a]" name="login" duration-ms="294126" started-at="2021-12-04T11:31:08Z" data-provider="authenticationData" finished-at="2021-12-04T11:36:02Z">
          <params>
            <param index="0">
              <value>
                <![CDATA[leonardorlopez39@hotmail.com]]>
              </value>
            </param>
            <param index="1">
              <value>
                <![CDATA[1234567]]>
              </value>
            </param>
          </params>
          <reporter-output>
          </reporter-output>
        </test-method> <!-- login -->
        <test-method status="PASS" signature="login(java.lang.String, java.lang.String)[pri:0, instance:com.qualitystream.testng.TestNGDataProviderExample@7995092a]" name="login" duration-ms="49398" started-at="2021-12-04T11:36:02Z" data-provider="authenticationData" finished-at="2021-12-04T11:36:52Z">
          <params>
            <param index="0">
              <value>
                <![CDATA[leonardorlopez40@hotmail.com]]>
              </value>
            </param>
            <param index="1">
              <value>
                <![CDATA[1234567]]>
              </value>
            </param>
          </params>
          <reporter-output>
          </reporter-output>
        </test-method> <!-- login -->
        <test-method status="PASS" signature="afterClass()[pri:0, instance:com.qualitystream.testng.TestNGDataProviderExample@7995092a]" name="afterClass" is-config="true" duration-ms="6578" started-at="2021-12-04T11:36:52Z" finished-at="2021-12-04T11:36:58Z">
          <reporter-output>
          </reporter-output>
        </test-method> <!-- afterClass -->
      </class> <!-- com.qualitystream.testng.TestNGDataProviderExample -->
    </test> <!-- Default test -->
  </suite> <!-- Default suite -->
</testng-results>
